Sep-25 14:45:46.791 [main] DEBUG nextflow.cli.Launcher - $> nextflow pipeline.nf -resume
Sep-25 14:45:46.901 [main] INFO  nextflow.cli.CmdRun - N E X T F L O W  ~  version 19.07.0
Sep-25 14:45:46.912 [main] INFO  nextflow.cli.CmdRun - Launching `pipeline.nf` [kickass_stonebraker] - revision: f37c04f56b
Sep-25 14:45:46.974 [main] DEBUG nextflow.Session - Session uuid: 85058515-e61a-441c-8e0e-d0b57a02b7f8
Sep-25 14:45:46.974 [main] DEBUG nextflow.Session - Run name: kickass_stonebraker
Sep-25 14:45:46.975 [main] DEBUG nextflow.Session - Executor pool size: 8
Sep-25 14:45:47.160 [main] DEBUG nextflow.cli.CmdRun - 
  Version: 19.07.0 build 5106
  Created: 27-07-2019 13:22 UTC (15:22 CEST)
  System: Mac OS X 10.14.6
  Runtime: Groovy 2.5.6 on Java HotSpot(TM) 64-Bit Server VM 11.0.1+13-LTS
  Encoding: UTF-8 (UTF-8)
  Process: 5836@MacBook-Pro-di-Davide-Buzzao.local [10.201.11.139]
  CPUs: 8 - Mem: 16 GB (1.2 GB) - Swap: 0 (0)
Sep-25 14:45:47.195 [main] DEBUG nextflow.Session - Work-dir: /Users/davidebuzzao/Projects/GOR/local/nextflow/work [Mac OS X]
Sep-25 14:45:47.195 [main] DEBUG nextflow.Session - Script base path does not exist or is not a directory: /Users/davidebuzzao/Projects/GOR/local/nextflow/bin
Sep-25 14:45:47.330 [main] DEBUG nextflow.Session - Session start invoked
Sep-25 14:45:47.701 [main] DEBUG nextflow.script.ScriptRunner - > Launching execution
Sep-25 14:45:47.748 [PathVisitor-1] DEBUG nextflow.file.PathVisitor - files for syntax: glob; folder: ../../dataset/db/; pattern: *.fasta; options: [:]
Sep-25 14:45:47.851 [main] DEBUG nextflow.executor.ExecutorFactory - << taskConfig executor: null
Sep-25 14:45:47.851 [main] DEBUG nextflow.executor.ExecutorFactory - >> processorType: 'local'
Sep-25 14:45:47.854 [main] DEBUG nextflow.executor.Executor - [warm up] executor > local
Sep-25 14:45:47.857 [main] DEBUG n.processor.LocalPollingMonitor - Creating local task monitor for executor 'local' > cpus=8; memory=16 GB; capacity=8; pollInterval=100ms; dumpInterval=5m
Sep-25 14:45:47.895 [main] DEBUG nextflow.processor.TaskProcessor - Creating operator > rawBlindSet_IDRESextraction -- maxForks: 8
Sep-25 14:45:47.912 [main] DEBUG nextflow.executor.ExecutorFactory - << taskConfig executor: null
Sep-25 14:45:47.912 [main] DEBUG nextflow.executor.ExecutorFactory - >> processorType: 'local'
Sep-25 14:45:47.913 [main] DEBUG nextflow.processor.TaskProcessor - Creating operator > rawBlindSet_FASTAextraction -- maxForks: 8
Sep-25 14:45:47.918 [main] DEBUG nextflow.executor.ExecutorFactory - << taskConfig executor: null
Sep-25 14:45:47.918 [main] DEBUG nextflow.executor.ExecutorFactory - >> processorType: 'local'
Sep-25 14:45:47.919 [main] DEBUG nextflow.processor.TaskProcessor - Creating operator > blastclust_c0_id30 -- maxForks: 8
Sep-25 14:45:47.922 [main] DEBUG nextflow.executor.ExecutorFactory - << taskConfig executor: null
Sep-25 14:45:47.922 [main] DEBUG nextflow.executor.ExecutorFactory - >> processorType: 'local'
Sep-25 14:45:47.924 [main] DEBUG nextflow.processor.TaskProcessor - Creating operator > sortClusters -- maxForks: 8
Sep-25 14:45:47.927 [main] DEBUG nextflow.executor.ExecutorFactory - << taskConfig executor: null
Sep-25 14:45:47.927 [main] DEBUG nextflow.executor.ExecutorFactory - >> processorType: 'local'
Sep-25 14:45:47.928 [main] DEBUG nextflow.processor.TaskProcessor - Creating operator > sortedClust_FASTAextraction -- maxForks: 8
Sep-25 14:45:47.940 [main] DEBUG nextflow.executor.ExecutorFactory - << taskConfig executor: null
Sep-25 14:45:47.940 [main] DEBUG nextflow.executor.ExecutorFactory - >> processorType: 'local'
Sep-25 14:45:47.942 [main] DEBUG nextflow.processor.TaskProcessor - Creating operator > formatBlastDatabases -- maxForks: 8
Sep-25 14:45:47.988 [main] DEBUG nextflow.executor.ExecutorFactory - << taskConfig executor: null
Sep-25 14:45:47.989 [main] DEBUG nextflow.executor.ExecutorFactory - >> processorType: 'local'
Sep-25 14:45:47.992 [main] DEBUG nextflow.processor.TaskProcessor - Creating operator > blastBlindSet_to_jPred4 -- maxForks: 8
Sep-25 14:45:47.997 [main] DEBUG nextflow.script.ScriptRunner - > Await termination 
Sep-25 14:45:47.997 [main] DEBUG nextflow.Session - Session await
Sep-25 14:45:48.085 [Task submitter] DEBUG nextflow.executor.LocalTaskHandler - Launch cmd line: /bin/bash -ue .command.run
Sep-25 14:45:48.090 [Task submitter] INFO  nextflow.Session - [c6/ce20ce] Submitted process > formatBlastDatabases (1)
Sep-25 14:45:48.101 [Task submitter] DEBUG nextflow.executor.LocalTaskHandler - Launch cmd line: /bin/bash -ue .command.run
Sep-25 14:45:48.101 [Task submitter] INFO  nextflow.Session - [6e/6f5674] Submitted process > formatBlastDatabases (2)
Sep-25 14:45:48.117 [Actor Thread 5] INFO  nextflow.processor.TaskProcessor - [52/1000b6] Cached process > rawBlindSet_FASTAextraction (1)
Sep-25 14:45:48.117 [Actor Thread 3] INFO  nextflow.processor.TaskProcessor - [6d/55b301] Cached process > rawBlindSet_IDRESextraction (1)
Sep-25 14:45:48.148 [Actor Thread 9] INFO  nextflow.processor.TaskProcessor - [88/712350] Cached process > blastclust_c0_id30 (1)
Sep-25 14:45:48.155 [Actor Thread 3] INFO  nextflow.processor.TaskProcessor - [4a/ceceed] Cached process > sortClusters (1)
Sep-25 14:45:48.171 [Actor Thread 9] INFO  nextflow.processor.TaskProcessor - [83/b2b092] Cached process > sortedClust_FASTAextraction (1)
Sep-25 14:45:48.280 [Task monitor] DEBUG n.processor.TaskPollingMonitor - Task completed > TaskHandler[id: 4; name: formatBlastDatabases (2); status: COMPLETED; exit: 0; error: -; workDir: /Users/davidebuzzao/Projects/GOR/local/nextflow/work/6e/6f56740a9e8540d8f905c269742daf]
Sep-25 14:45:48.295 [Actor Thread 9] WARN  nextflow.script.ScriptBinding - Access to undefined parameter `jPred4_db` -- Initialise it to a default value eg. `params.jPred4_db = some_value`
Sep-25 14:45:48.300 [Task submitter] DEBUG nextflow.executor.LocalTaskHandler - Launch cmd line: /bin/bash -ue .command.run
Sep-25 14:45:48.301 [Task submitter] INFO  nextflow.Session - [9e/923f98] Submitted process > blastBlindSet_to_jPred4 (1)
Sep-25 14:45:48.362 [Task monitor] DEBUG n.processor.TaskPollingMonitor - Task completed > TaskHandler[id: 8; name: blastBlindSet_to_jPred4 (1); status: COMPLETED; exit: 2; error: -; workDir: /Users/davidebuzzao/Projects/GOR/local/nextflow/work/9e/923f987dee3d722ce53a777b5eaf8e]
Sep-25 14:45:48.378 [Task monitor] ERROR nextflow.processor.TaskProcessor - Error executing process > 'blastBlindSet_to_jPred4 (1)'

Caused by:
  Process `blastBlindSet_to_jPred4 (1)` terminated with an error exit status (2)

Command executed:

  blastp -query "BlindSet.clust.sort.fasta" -db "null" -out "BlindSet.clust.sort.fasta.blast" \
         -evalue "0.01" -outfmt 6 -num_threads 2

Command exit status:
  2

Command output:
  (empty)

Command error:
  BLAST Database error: No alias or index file found for protein database [null] in search path [/Users/davidebuzzao/Projects/GOR/local/nextflow/work/9e/923f987dee3d722ce53a777b5eaf8e::]

Work dir:
  /Users/davidebuzzao/Projects/GOR/local/nextflow/work/9e/923f987dee3d722ce53a777b5eaf8e

Tip: when you have fixed the problem you can continue the execution adding the option `-resume` to the run command line
Sep-25 14:45:48.382 [Task monitor] DEBUG nextflow.Session - Session aborted -- Cause: Process `blastBlindSet_to_jPred4 (1)` terminated with an error exit status (2)
Sep-25 14:45:48.395 [main] DEBUG nextflow.Session - Session await > all process finished
Sep-25 14:45:48.396 [main] DEBUG nextflow.Session - Session await > all barriers passed
Sep-25 14:45:48.399 [main] WARN  n.processor.TaskPollingMonitor - Killing pending tasks (1)
Sep-25 14:45:48.409 [main] DEBUG nextflow.trace.StatsObserver - Workflow completed > WorkflowStats[succeedCount=1; failedCount=2; ignoredCount=0; cachedCount=5; succeedDuration=103ms; failedDuration=2ms; cachedDuration=1m 21s]
Sep-25 14:45:48.595 [main] DEBUG nextflow.CacheDB - Closing CacheDB done
Sep-25 14:45:48.617 [main] DEBUG nextflow.script.ScriptRunner - > Execution complete -- Goodbye
